Algorithm Results:

Edmonds-Karp Algorithm
Edge Flows:
0 42 0
0 14 77
0 99 51
0 41 11
0 72 21
1 45 0
2 78 0
4 43 0
4 53 0
4 36 0
5 68 0
6 45 0
6 48 0
6 58 0
6 41 0
7 14 0
7 97 0
8 27 0
8 48 0
9 78 0
9 81 0
9 17 0
10 21 0
10 66 0
10 37 0
10 46 0
11 61 0
11 89 0
12 55 0
12 99 0
14 76 15
14 17 62
15 49 0
15 31 0
15 44 0
15 26 0
16 83 0
16 77 0
16 26 0
17 58 14
17 30 0
17 69 48
18 86 0
18 60 0
19 20 0
19 52 0
19 78 0
19 76 0
20 52 0
20 34 0
20 48 0
21 57 0
21 38 0
22 89 0
22 63 0
22 94 0
22 98 0
22 26 0
23 82 0
23 75 0
26 93 0
27 68 0
27 72 0
28 37 0
28 75 0
29 56 0
29 92 0
29 75 0
30 95 0
30 80 0
30 78 0
30 90 0
30 69 0
30 38 0
31 88 0
31 39 0
32 36 0
32 49 0
33 57 0
34 94 0
34 54 0
35 62 0
36 93 0
37 93 0
37 64 0
37 86 0
37 67 0
38 80 0
38 72 0
38 77 0
38 41 0
38 50 0
39 52 0
39 58 0
39 46 0
39 51 0
39 43 0
40 80 0
40 89 0
41 93 0
41 77 0
41 96 11
42 61 0
43 57 0
43 83 0
44 93 0
44 83 0
45 71 0
45 63 0
45 59 0
46 90 0
46 78 0
47 62 0
48 63 0
48 74 0
48 57 0
48 65 0
49 69 0
49 50 0
49 64 0
50 95 0
50 52 0
50 88 0
50 59 0
50 67 0
51 60 0
51 95 0
52 85 0
52 60 0
52 83 0
52 75 0
53 81 0
53 84 0
53 58 0
53 66 0
54 96 0
54 86 0
55 89 0
55 77 0
55 75 0
57 85 0
58 61 0
58 88 0
58 76 0
58 75 14
59 66 0
60 76 0
62 81 0
62 74 0
62 88 0
62 82 0
62 77 0
62 83 0
63 83 0
63 76 0
63 71 0
64 92 0
64 90 0
65 95 0
65 71 0
66 98 0
66 83 0
66 99 0
67 94 0
67 92 0
67 84 0
68 84 0
68 71 0
69 91 48
69 77 0
69 90 0
70 94 0
70 95 0
70 82 0
71 93 0
72 76 0
72 92 21
73 75 0
73 84 0
73 97 0
73 77 0
74 83 0
74 81 0
75 88 0
75 90 0
75 84 14
75 97 0
76 78 2
76 98 13
77 98 0
77 92 0
78 80 2
79 98 0
79 87 0
80 98 1
80 83 0
80 89 0
80 84 1
80 85 0
82 88 0
82 95 0
82 97 0
82 92 0
83 84 0
83 86 0
83 88 0
84 95 0
84 91 0
84 99 15
85 97 0
86 88 0
86 93 0
87 89 0
87 93 0
87 91 0
87 88 0
88 97 0
89 93 0
90 92 0
90 95 0
91 99 48
91 92 0
91 95 0
92 98 21
92 95 0
92 96 0
92 93 0
93 95 0
93 97 0
94 97 0
94 98 0
96 97 0
96 99 11
97 98 0
98 99 35

Total Flow: 160
Execution Time: 0.0 seconds

Push-Relabel Algorithm
Edge Flows:
0 14 38
14 0 39
14 17 38
17 30 33
17 58 4
17 69 1
30 38 23
30 69 4
30 78 3
30 90 3
38 41 15
38 50 3
38 77 5
41 0 11
41 77 15
42 0 93
50 59 3
58 76 4
59 66 3
66 99 3
69 77 5
72 0 21
76 78 2
76 98 2
77 92 25
78 80 5
80 84 4
80 98 1
84 91 2
84 99 2
90 92 3
91 99 2
92 93 7
92 96 8
92 98 13
93 97 7
96 97 8
97 98 15
98 99 31
99 0 51

Maximum Flow: 38
Execution Time: 0.015042 seconds
