Algorithm Results:

Edmonds-Karp Algorithm
Edge Flows:
0 63 935
0 98 0
0 66 980
0 29 394
0 62 969
0 27 0
0 25 635
0 49 834
0 42 52
0 31 953
0 55 0
0 41 994
0 57 868
0 18 903
0 35 0
0 32 0
0 1 742
0 23 557
0 61 559
0 81 581
0 44 803
0 46 0
0 40 987
0 47 901
0 84 522
0 10 991
0 68 479
0 88 585
0 77 832
0 56 872
0 4 957
0 71 395
0 16 412
0 50 919
0 37 985
0 80 910
0 78 985
0 85 590
0 2 504
0 82 969
0 97 976
0 13 1000
0 64 851
0 36 989
0 6 274
0 96 0
0 90 913
0 33 927
0 73 80
0 59 957
0 9 974
0 89 2
0 52 684
0 51 958
0 26 599
0 48 396
0 75 789
0 86 928
0 99 965
0 65 762
0 69 951
0 39 190
0 43 151
0 20 0
0 12 947
0 87 621
0 45 846
0 92 96
0 70 944
0 14 903
0 21 696
0 93 492
0 54 952
0 30 0
0 95 962
0 38 822
0 19 278
0 74 916
0 3 171
0 58 940
0 7 974
0 91 955
0 72 955
0 83 0
0 28 0
0 79 318
0 76 516
0 11 866
0 94 991
0 8 153
0 34 764
0 67 978
0 22 171
0 24 896
0 15 25
0 60 916
0 100 979
0 17 90
0 53 903
0 5 373
1 31 0
1 107 742
1 89 0
1 75 0
2 75 0
2 55 0
2 113 504
3 59 167
3 191 4
4 66 717
4 24 0
4 167 240
5 136 215
5 93 0
5 177 158
5 12 0
6 192 274
6 70 0
7 155 491
7 178 616
8 150 153
8 96 0
8 35 0
9 170 631
9 79 0
9 40 0
9 31 0
9 103 343
10 79 0
10 183 504
10 23 0
10 91 510
10 11 0
11 130 731
11 59 0
11 46 0
11 69 135
12 80 429
12 188 371
12 183 402
12 10 23
13 133 834
13 148 562
14 119 817
14 156 86
14 47 0
15 195 25
16 34 0
16 114 412
17 157 90
17 183 0
18 78 388
18 117 568
18 112 386
19 48 0
19 12 278
20 47 0
20 46 0
21 116 99
21 85 0
21 108 597
22 121 171
23 63 0
23 192 557
24 7 96
24 23 0
24 135 800
25 104 635
26 56 0
26 84 0
26 154 599
27 75 0
28 81 0
29 42 0
29 47 0
29 153 394
30 5 0
30 76 0
31 81 0
31 129 28
31 149 925
31 75 0
31 64 0
31 87 0
32 43 0
32 77 0
33 160 181
33 175 746
33 50 0
34 139 764
36 53 0
36 136 989
37 160 481
37 103 167
37 53 0
37 23 0
37 127 337
37 74 0
38 153 0
38 102 373
38 37 0
38 67 449
39 15 0
39 166 94
39 97 96
40 7 37
40 20 0
40 163 835
40 143 115
41 170 639
41 135 603
42 70 0
42 20 0
42 92 0
42 35 0
42 132 52
42 23 0
43 189 151
43 65 0
44 27 0
44 133 173
44 88 0
44 51 222
44 190 408
44 21 0
45 108 374
45 55 0
45 169 472
45 149 0
47 178 236
47 37 0
47 69 665
48 61 0
48 1 0
48 13 396
49 108 21
49 187 156
49 68 0
49 165 326
49 144 331
50 134 509
50 180 794
50 40 0
51 71 0
51 127 196
51 164 762
51 106 222
51 131 0
52 154 254
52 58 108
52 37 0
52 103 322
53 111 725
53 50 308
53 24 0
53 195 392
54 101 957
54 117 419
54 190 0
54 105 68
55 24 0
55 32 0
55 49 0
56 40 0
56 82 48
56 5 0
56 55 0
56 103 824
56 28 0
57 196 868
57 35 0
57 70 0
58 103 0
58 193 825
58 72 223
58 129 0
58 70 0
59 23 0
59 13 0
59 171 370
59 163 754
59 43 0
60 192 0
60 107 815
60 141 133
60 129 0
61 195 559
62 185 150
62 129 123
62 87 0
62 100 113
62 2 0
62 193 575
62 184 121
62 54 0
62 65 0
62 27 0
63 117 69
63 153 866
64 1 0
64 71 0
64 129 810
64 170 41
65 120 762
65 70 0
65 55 0
66 116 290
66 181 557
66 115 852
67 80 0
67 132 490
67 169 441
67 154 105
67 60 0
67 145 823
68 159 479
68 19 0
69 139 177
69 128 502
69 161 292
69 133 586
69 172 541
70 146 212
70 71 0
70 141 732
70 24 0
71 110 148
71 142 247
72 187 134
72 42 0
72 175 148
72 191 71
72 73 0
72 177 825
73 57 0
73 141 80
73 46 0
73 74 0
73 77 0
73 84 0
74 166 569
74 69 347
75 144 655
75 149 134
75 55 0
75 52 0
76 104 516
76 36 0
77 185 584
77 41 248
78 90 0
78 184 841
78 98 0
78 131 532
79 136 318
79 52 0
80 134 6
80 44 0
80 91 524
80 194 809
81 122 581
82 58 0
82 175 431
82 70 0
82 190 586
82 144 0
83 71 0
84 53 522
85 35 0
85 152 590
86 87 0
86 132 253
86 73 0
86 18 204
86 64 0
86 188 471
87 192 424
87 170 129
87 166 68
88 189 585
89 66 2
90 55 0
90 157 616
90 142 809
91 105 106
91 176 180
91 93 0
91 164 811
91 182 892
92 99 96
92 75 0
93 54 492
94 91 0
94 25 0
94 161 631
94 132 360
94 80 0
94 107 0
95 88 0
95 194 138
95 112 589
95 18 235
97 185 276
97 19 0
97 147 357
97 133 439
98 34 0
99 135 22
99 199 943
99 198 158
99 46 0
99 192 0
99 133 0
100 162 146
100 88 0
100 199 946
101 68 0
101 32 0
101 199 972
102 105 0
102 199 928
102 74 0
102 192 0
102 139 52
103 53 0
103 169 122
103 105 593
103 199 941
104 145 224
104 199 927
104 12 0
104 151 0
105 199 907
106 113 0
106 97 0
106 41 0
106 199 222
106 108 0
107 197 672
107 199 990
107 92 0
108 29 0
108 199 992
109 100 0
109 49 0
109 79 0
109 95 0
109 128 0
109 199 0
110 157 0
110 187 0
110 119 0
110 101 0
110 199 148
111 199 921
111 110 0
112 57 0
112 179 0
112 140 0
112 199 975
112 166 0
113 199 866
114 184 0
114 189 0
114 199 412
115 112 0
115 30 0
115 199 852
116 19 0
116 199 389
117 183 0
117 99 62
117 91 0
117 199 994
117 68 0
117 105 0
117 135 0
117 73 0
118 160 0
118 37 0
118 110 0
118 199 781
118 61 0
118 125 0
119 80 0
119 124 0
119 199 817
120 11 0
120 199 914
121 66 0
121 199 171
121 113 0
121 45 0
121 195 0
121 160 0
122 68 0
122 153 0
122 199 581
122 63 0
122 52 0
122 36 0
123 137 0
123 113 0
123 199 20
123 116 0
124 199 0
124 176 0
125 199 0
125 190 0
126 36 0
126 34 0
126 66 0
126 199 0
126 194 0
127 199 533
127 69 0
127 18 0
127 128 0
127 10 0
127 170 0
127 129 0
128 199 502
128 27 0
128 21 0
128 153 0
129 183 0
129 89 0
129 199 941
129 123 20
130 199 731
131 158 0
131 199 532
131 43 0
131 14 0
131 44 0
131 87 0
131 173 0
131 71 0
132 199 937
132 53 0
132 162 218
132 173 0
132 97 0
133 199 987
133 178 553
133 118 492
134 150 0
134 199 515
134 12 0
134 37 0
134 67 0
135 199 993
135 67 432
136 39 0
136 199 930
136 166 943
137 167 0
137 114 0
137 129 0
137 199 0
138 109 0
138 134 0
138 17 0
138 143 0
138 96 0
138 75 0
138 83 0
138 199 0
139 191 74
139 19 0
139 186 0
139 199 919
139 100 0
139 170 0
140 52 0
140 199 107
141 167 22
141 175 0
141 145 0
141 74 0
141 181 0
141 59 0
141 22 0
141 199 923
142 32 0
142 64 0
142 199 977
142 173 695
142 124 0
143 23 0
143 159 0
143 199 115
144 199 986
145 199 942
145 107 105
146 118 0
146 101 0
146 46 0
146 199 212
146 69 0
146 162 0
147 194 0
147 60 0
147 199 357
147 35 0
147 153 0
148 124 0
148 58 0
148 199 562
148 50 0
149 39 0
149 194 0
149 199 919
149 105 140
150 82 0
150 199 549
150 102 0
151 199 0
151 66 0
151 140 0
151 177 0
151 176 0
151 120 0
151 67 0
152 199 590
152 101 0
152 8 0
153 199 975
153 62 113
153 180 172
154 199 958
154 12 0
154 54 0
155 199 491
155 107 0
155 99 0
156 77 0
156 199 86
156 168 0
156 82 0
157 137 0
157 115 0
157 199 706
158 129 0
158 199 0
158 20 0
159 116 0
159 199 479
159 98 0
160 138 0
160 152 0
160 189 0
160 162 0
160 199 662
161 137 0
161 17 0
161 132 0
161 199 923
162 199 364
162 83 0
163 102 607
163 199 982
164 199 957
164 53 0
164 142 616
165 156 0
165 199 326
165 193 0
165 130 0
165 111 0
166 150 396
166 118 289
166 199 989
166 16 0
166 162 0
166 12 0
167 199 691
167 113 0
167 125 0
167 91 0
167 30 0
168 199 0
168 197 0
168 128 0
169 101 15
169 71 0
169 199 913
169 98 0
169 140 107
169 49 0
169 17 0
170 44 0
170 199 928
170 90 512
171 60 0
171 115 0
171 137 0
171 159 0
171 9 0
171 199 370
171 110 0
171 107 0
172 199 541
172 183 0
172 20 0
173 5 0
173 12 0
173 199 815
174 199 0
174 195 0
175 111 196
175 199 977
175 120 152
176 185 0
176 109 0
176 199 180
177 27 0
177 100 0
177 199 983
177 171 0
177 189 0
178 199 923
178 113 362
178 14 0
178 61 0
178 173 120
179 82 0
179 174 0
179 5 0
179 199 0
180 51 0
180 199 966
181 137 0
181 144 0
181 157 0
181 199 557
182 18 0
182 199 892
182 173 0
183 199 906
183 8 0
184 158 0
184 157 0
184 199 962
184 54 0
185 63 0
185 68 0
185 199 934
185 53 0
185 43 0
185 50 76
185 184 0
185 149 0
186 199 0
186 29 0
186 39 0
187 199 290
187 103 0
188 199 842
188 78 0
188 1 0
189 45 0
189 135 0
189 199 736
189 129 0
189 52 0
190 58 0
190 8 0
190 199 994
190 105 0
190 37 0
190 24 0
191 118 0
191 107 0
191 199 149
191 185 0
192 136 351
192 38 0
192 199 904
193 199 971
193 45 0
193 167 429
193 68 0
194 47 0
194 79 0
194 199 947
195 199 944
195 60 32
196 91 0
196 120 0
196 199 868
197 110 0
197 182 0
197 29 0
197 199 672
197 13 0
197 169 0
198 92 0
198 199 158
198 186 0

Total Flow: 63279
Execution Time: 0.04141855239868164 seconds

Push-Relabel Algorithm
63875